# JRE version: OpenJDK Runtime Environment (16.0.1+9) (build 16.0.1+9-24)
# Java VM: OpenJDK 64-Bit Server VM (16.0.1+9-24, mixed mode, tiered, compressed oops, compressed class ptrs, g1 gc, windows-amd64)
GC Precious Log:
 CPUs: 4 total, 4 available
 Memory: 4016M
 Large Page Support: Disabled
 NUMA Support: Disabled
 Compressed Oops: Enabled (32-bit)
 Heap Region Size: 1M
 Heap Min Capacity: 8M
 Heap Initial Capacity: 64M
 Heap Max Capacity: 1006M
 Pre-touch: Disabled
 Parallel Workers: 4
 Concurrent Workers: 1
 Concurrent Refinement Workers: 4
 Periodic GC: Disabled
Heap:
 garbage-first heap   total 55296K, used 24735K [0x00000000c1200000, 0x0000000100000000)
  region size 1024K, 7 young (7168K), 2 survivors (2048K)
 Metaspace       used 59223K, committed 59520K, reserved 1105920K
  class space    used 7321K, committed 7488K, reserved 1048576K
GC Heap History (20 events):
Event: 24.130 GC heap before
{Heap before GC invocations=18 (full 0):
 garbage-first heap   total 55296K, used 42929K [0x00000000c1200000, 0x0000000100000000)
  region size 1024K, 32 young (32768K), 3 survivors (3072K)
 Metaspace       used 36294K, committed 36544K, reserved 1081344K
  class space    used 4069K, committed 4160K, reserved 1048576K
}
Event: 24.142 GC heap after
{Heap after GC invocations=19 (full 0):
 garbage-first heap   total 55296K, used 14647K [0x00000000c1200000, 0x0000000100000000)
  region size 1024K, 2 young (2048K), 2 survivors (2048K)
 Metaspace       used 36294K, committed 36544K, reserved 1081344K
  class space    used 4069K, committed 4160K, reserved 1048576K
}
Event: 24.699 GC heap before
{Heap before GC invocations=19 (full 0):
 garbage-first heap   total 55296K, used 43319K [0x00000000c1200000, 0x0000000100000000)
  region size 1024K, 31 young (31744K), 2 survivors (2048K)
 Metaspace       used 37237K, committed 37568K, reserved 1089536K
  class space    used 4189K, committed 4352K, reserved 1048576K
}
Event: 24.705 GC heap after
{Heap after GC invocations=20 (full 0):
 garbage-first heap   total 55296K, used 15060K [0x00000000c1200000, 0x0000000100000000)
  region size 1024K, 3 young (3072K), 3 survivors (3072K)
 Metaspace       used 37237K, committed 37568K, reserved 1089536K
  class space    used 4189K, committed 4352K, reserved 1048576K
}
Event: 26.415 GC heap before
{Heap before GC invocations=20 (full 0):
 garbage-first heap   total 55296K, used 43732K [0x00000000c1200000, 0x0000000100000000)
  region size 1024K, 31 young (31744K), 3 survivors (3072K)
 Metaspace       used 39967K, committed 40192K, reserved 1089536K
  class space    used 4545K, committed 4672K, reserved 1048576K
}
Event: 26.428 GC heap after
{Heap after GC invocations=21 (full 0):
 garbage-first heap   total 55296K, used 15738K [0x00000000c1200000, 0x0000000100000000)
  region size 1024K, 2 young (2048K), 2 survivors (2048K)
 Metaspace       used 39967K, committed 40192K, reserved 1089536K
  class space    used 4545K, committed 4672K, reserved 1048576K
}
Event: 27.983 GC heap before
{Heap before GC invocations=21 (full 0):
 garbage-first heap   total 55296K, used 44410K [0x00000000c1200000, 0x0000000100000000)
  region size 1024K, 30 young (30720K), 2 survivors (2048K)
 Metaspace       used 42608K, committed 42880K, reserved 1089536K
  class space    used 5001K, committed 5120K, reserved 1048576K
}
Event: 27.990 GC heap after
{Heap after GC invocations=22 (full 0):
 garbage-first heap   total 55296K, used 16083K [0x00000000c1200000, 0x0000000100000000)
  region size 1024K, 3 young (3072K), 3 survivors (3072K)
 Metaspace       used 42608K, committed 42880K, reserved 1089536K
  class space    used 5001K, committed 5120K, reserved 1048576K
}
Event: 28.779 GC heap before
{Heap before GC invocations=22 (full 0):
 garbage-first heap   total 55296K, used 43731K [0x00000000c1200000, 0x0000000100000000)
  region size 1024K, 30 young (30720K), 3 survivors (3072K)
 Metaspace       used 45772K, committed 46080K, reserved 1089536K
  class space    used 5423K, committed 5568K, reserved 1048576K
}
Event: 28.787 GC heap after
{Heap after GC invocations=23 (full 0):
 garbage-first heap   total 55296K, used 17299K [0x00000000c1200000, 0x0000000100000000)
  region size 1024K, 4 young (4096K), 4 survivors (4096K)
 Metaspace       used 45772K, committed 46080K, reserved 1089536K
  class space    used 5423K, committed 5568K, reserved 1048576K
}
Event: 29.487 GC heap before
{Heap before GC invocations=23 (full 0):
 garbage-first heap   total 55296K, used 41875K [0x00000000c1200000, 0x0000000100000000)
  region size 1024K, 29 young (29696K), 4 survivors (4096K)
 Metaspace       used 50503K, committed 50880K, reserved 1097728K
  class space    used 6013K, committed 6208K, reserved 1048576K
}
Event: 29.494 GC heap after
{Heap after GC invocations=24 (full 0):
 garbage-first heap   total 55296K, used 18749K [0x00000000c1200000, 0x0000000100000000)
  region size 1024K, 4 young (4096K), 4 survivors (4096K)
 Metaspace       used 50503K, committed 50880K, reserved 1097728K
  class space    used 6013K, committed 6208K, reserved 1048576K
}
Event: 30.079 GC heap before
{Heap before GC invocations=24 (full 0):
 garbage-first heap   total 55296K, used 43325K [0x00000000c1200000, 0x0000000100000000)
  region size 1024K, 28 young (28672K), 4 survivors (4096K)
 Metaspace       used 51818K, committed 52160K, reserved 1097728K
  class space    used 6217K, committed 6400K, reserved 1048576K
}
Event: 30.084 GC heap after
{Heap after GC invocations=25 (full 0):
 garbage-first heap   total 55296K, used 19561K [0x00000000c1200000, 0x0000000100000000)
  region size 1024K, 3 young (3072K), 3 survivors (3072K)
 Metaspace       used 51818K, committed 52160K, reserved 1097728K
  class space    used 6217K, committed 6400K, reserved 1048576K
}
Event: 30.533 GC heap before
{Heap before GC invocations=25 (full 0):
 garbage-first heap   total 55296K, used 43113K [0x00000000c1200000, 0x0000000100000000)
  region size 1024K, 26 young (26624K), 3 survivors (3072K)
 Metaspace       used 53900K, committed 54208K, reserved 1097728K
  class space    used 6484K, committed 6656K, reserved 1048576K
}
Event: 30.538 GC heap after
{Heap after GC invocations=26 (full 0):
 garbage-first heap   total 55296K, used 19997K [0x00000000c1200000, 0x0000000100000000)
  region size 1024K, 2 young (2048K), 2 survivors (2048K)
 Metaspace       used 53900K, committed 54208K, reserved 1097728K
  class space    used 6484K, committed 6656K, reserved 1048576K
}
Event: 31.220 GC heap before
{Heap before GC invocations=26 (full 0):
 garbage-first heap   total 55296K, used 43549K [0x00000000c1200000, 0x0000000100000000)
  region size 1024K, 26 young (26624K), 2 survivors (2048K)
 Metaspace       used 56363K, committed 56704K, reserved 1105920K
  class space    used 6886K, committed 7040K, reserved 1048576K
}
Event: 31.225 GC heap after
{Heap after GC invocations=27 (full 0):
 garbage-first heap   total 55296K, used 20316K [0x00000000c1200000, 0x0000000100000000)
  region size 1024K, 2 young (2048K), 2 survivors (2048K)
 Metaspace       used 56363K, committed 56704K, reserved 1105920K
  class space    used 6886K, committed 7040K, reserved 1048576K
}
Event: 31.803 GC heap before
{Heap before GC invocations=27 (full 0):
 garbage-first heap   total 55296K, used 44892K [0x00000000c1200000, 0x0000000100000000)
  region size 1024K, 26 young (26624K), 2 survivors (2048K)
 Metaspace       used 58620K, committed 59008K, reserved 1105920K
  class space    used 7250K, committed 7424K, reserved 1048576K
}
Event: 31.808 GC heap after
{Heap after GC invocations=28 (full 0):
 garbage-first heap   total 55296K, used 20639K [0x00000000c1200000, 0x0000000100000000)
  region size 1024K, 2 young (2048K), 2 survivors (2048K)
 Metaspace       used 58620K, committed 59008K, reserved 1105920K
  class space    used 7250K, committed 7424K, reserved 1048576K
}

